<?xml version="1.0" encoding="UTF-8"?>
<testsuite xmlns:xsi="http://www.w3.org/2001/XMLSchema-instance" xsi:noNamespaceSchemaLocation="https://maven.apache.org/surefire/maven-surefire-plugin/xsd/surefire-test-report-3.0.xsd" version="3.0" name="com.catpoint.jpnd.securityService.service.SecurityServiceTest" time="1.856" tests="22" errors="0" skipped="0" failures="0">
  <properties>
[...]
</properties>
  <testcase name="all_sensors_INACTIVE_alarmStatus_PENDING_ALARM_Set_alarmStatusTO_NO_ALARM(Sensor, Boolean, Set, ArmingStatus)[1]" classname="com.catpoint.jpnd.securityService.service.SecurityServiceTest" time="1.217"/>
  <testcase name="all_sensors_INACTIVE_alarmStatus_PENDING_ALARM_Set_alarmStatusTO_NO_ALARM(Sensor, Boolean, Set, ArmingStatus)[2]" classname="com.catpoint.jpnd.securityService.service.SecurityServiceTest" time="0"/>
  <testcase name="alarm_ARMED_sensor_ACTIVATE_alarmStatus_No_ALARM_Set_AlarmStatusTo_Pending_ALARM(Sensor, Boolean, Set, ArmingStatus)[1]" classname="com.catpoint.jpnd.securityService.service.SecurityServiceTest" time="0.016"/>
  <testcase name="alarm_ARMED_sensor_ACTIVATE_alarmStatus_No_ALARM_Set_AlarmStatusTo_Pending_ALARM(Sensor, Boolean, Set, ArmingStatus)[2]" classname="com.catpoint.jpnd.securityService.service.SecurityServiceTest" time="0.015"/>
  <testcase name="NO_CAT_IDENTIFIED_sensors_NOT_ACTIVE_SetTO_NO_ALARM(BufferedImage, Set)[1]" classname="com.catpoint.jpnd.securityService.service.SecurityServiceTest" time="0.013"/>
  <testcase name="NO_CAT_IDENTIFIED_sensors_NOT_ACTIVE_SetTO_NO_ALARM(BufferedImage, Set)[2]" classname="com.catpoint.jpnd.securityService.service.SecurityServiceTest" time="0.008"/>
  <testcase name="alarm_ARMED_sensor_ACTIVATED_alarmStatus_PENDING_ALARM_Set_alarmStatusTo_ALARM(Sensor, Boolean, Set, ArmingStatus)[1]" classname="com.catpoint.jpnd.securityService.service.SecurityServiceTest" time="0"/>
  <testcase name="alarm_ARMED_sensor_ACTIVATED_alarmStatus_PENDING_ALARM_Set_alarmStatusTo_ALARM(Sensor, Boolean, Set, ArmingStatus)[2]" classname="com.catpoint.jpnd.securityService.service.SecurityServiceTest" time="0.015"/>
  <testcase name="alarm_ACTIVE_Change_in_sensor_State_Should_not_affect_Alarm_State(Sensor, Boolean, Set, ArmingStatus)[1]" classname="com.catpoint.jpnd.securityService.service.SecurityServiceTest" time="0.016"/>
  <testcase name="alarm_ACTIVE_Change_in_sensor_State_Should_not_affect_Alarm_State(Sensor, Boolean, Set, ArmingStatus)[2]" classname="com.catpoint.jpnd.securityService.service.SecurityServiceTest" time="0.015"/>
  <testcase name="system_ARMED_HOME_cat_IDENTIFIED_Set_AlarmStatusTO_ALARM(BufferedImage, Set)[1]" classname="com.catpoint.jpnd.securityService.service.SecurityServiceTest" time="0.016"/>
  <testcase name="system_ARMED_HOME_cat_IDENTIFIED_Set_AlarmStatusTO_ALARM(BufferedImage, Set)[2]" classname="com.catpoint.jpnd.securityService.service.SecurityServiceTest" time="0.016"/>
  <testcase name="system_DISARMED_Set_all_AlarmStatusTO_NO_ALARM(ArmingStatus, ArmingStatus)[1]" classname="com.catpoint.jpnd.securityService.service.SecurityServiceTest" time="0.015"/>
  <testcase name="system_DISARMED_Set_all_AlarmStatusTO_NO_ALARM(ArmingStatus, ArmingStatus)[2]" classname="com.catpoint.jpnd.securityService.service.SecurityServiceTest" time="0"/>
  <testcase name="cat_image_IDENTIFIED_system_ARMED_HOME_Set_alarmStatusTO_ALARM(BufferedImage, Set)[1]" classname="com.catpoint.jpnd.securityService.service.SecurityServiceTest" time="0"/>
  <testcase name="cat_image_IDENTIFIED_system_ARMED_HOME_Set_alarmStatusTO_ALARM(BufferedImage, Set)[2]" classname="com.catpoint.jpnd.securityService.service.SecurityServiceTest" time="0.016"/>
  <testcase name="sensor_ACTIVATE_while_already_ACTIVE_and_alarmStatus_PENDING_ALARM_Set_alarmStatusTO_ALARM(Sensor, Boolean, Set, ArmingStatus)[1]" classname="com.catpoint.jpnd.securityService.service.SecurityServiceTest" time="0.015"/>
  <testcase name="sensor_ACTIVATE_while_already_ACTIVE_and_alarmStatus_PENDING_ALARM_Set_alarmStatusTO_ALARM(Sensor, Boolean, Set, ArmingStatus)[2]" classname="com.catpoint.jpnd.securityService.service.SecurityServiceTest" time="0.016"/>
  <testcase name="system_ARMED_Reset_all_SensorsTo_INACTIVE(Set, ArmingStatus)[1]" classname="com.catpoint.jpnd.securityService.service.SecurityServiceTest" time="0.016"/>
  <testcase name="system_ARMED_Reset_all_SensorsTo_INACTIVE(Set, ArmingStatus)[2]" classname="com.catpoint.jpnd.securityService.service.SecurityServiceTest" time="0"/>
  <testcase name="sensor_DEACTIVATE_while_already_INACTIVE_DoNothing(Sensor, Boolean, Set, ArmingStatus)[1]" classname="com.catpoint.jpnd.securityService.service.SecurityServiceTest" time="0"/>
  <testcase name="sensor_DEACTIVATE_while_already_INACTIVE_DoNothing(Sensor, Boolean, Set, ArmingStatus)[2]" classname="com.catpoint.jpnd.securityService.service.SecurityServiceTest" time="0.016"/>
</testsuite>