<?xml version="1.0" encoding="UTF-8"?>
<testsuite xmlns:xsi="http://www.w3.org/2001/XMLSchema-instance" xsi:noNamespaceSchemaLocation="https://maven.apache.org/surefire/maven-surefire-plugin/xsd/surefire-test-report-3.0.xsd" version="3.0" name="com.catpoint.jpnd.securityService.service.SecurityServiceTest" time="1.52" tests="8" errors="0" skipped="0" failures="0">
  <properties>
[...]
</properties>
  <testcase name="alarm_ARMED_sensor_ACTIVATED_Set_systemAlarmStatusTo_Pending_ALARM(Sensor, Boolean)[1]" classname="com.catpoint.jpnd.securityService.service.SecurityServiceTest" time="1.191"/>
  <testcase name="alarm_ARMED_sensor_ACTIVATED_Set_systemAlarmStatusTo_Pending_ALARM(Sensor, Boolean)[2]" classname="com.catpoint.jpnd.securityService.service.SecurityServiceTest" time="0"/>
  <testcase name="alarm_ARMED_sensor_ACTIVATED_alarmStatus_PENDING_ALARM_Set_alarmStatusTo_ALARM(Sensor, Boolean)[1]" classname="com.catpoint.jpnd.securityService.service.SecurityServiceTest" time="0"/>
  <testcase name="alarm_ARMED_sensor_ACTIVATED_alarmStatus_PENDING_ALARM_Set_alarmStatusTo_ALARM(Sensor, Boolean)[2]" classname="com.catpoint.jpnd.securityService.service.SecurityServiceTest" time="0.015"/>
  <testcase name="alarm_ARMED_sensor_DEACTIVATED_alarmStatus_PENDING_ALARM_Set_alarmStatusTO_NO_ALARM(Sensor, Boolean)[1]" classname="com.catpoint.jpnd.securityService.service.SecurityServiceTest" time="0.016"/>
  <testcase name="alarm_ARMED_sensor_DEACTIVATED_alarmStatus_PENDING_ALARM_Set_alarmStatusTO_NO_ALARM(Sensor, Boolean)[2]" classname="com.catpoint.jpnd.securityService.service.SecurityServiceTest" time="0"/>
  <testcase name="sensor_ACTIVATED_while_already_ACTIVE_and_alarmStatus_PENDING_ALARM_Set_alarmStatusTO_ALARM(Sensor, Boolean)[1]" classname="com.catpoint.jpnd.securityService.service.SecurityServiceTest" time="0.016"/>
  <testcase name="sensor_ACTIVATED_while_already_ACTIVE_and_alarmStatus_PENDING_ALARM_Set_alarmStatusTO_ALARM(Sensor, Boolean)[2]" classname="com.catpoint.jpnd.securityService.service.SecurityServiceTest" time="0.015"/>
</testsuite>